Copyright 1986-2015 Xilinx, Inc. All Rights Reserved.
-----------------------------------------------------------------------------------------------------------------------------------------------------
| Tool Version : Vivado v.2015.2 (win64) Build 1266856 Fri Jun 26 16:35:25 MDT 2015
| Date         : Fri Nov 30 07:51:17 2018
| Host         : LAPTOP-KAMAF0QO running 64-bit major release  (build 9200)
| Command      : report_timing_summary -warn_on_violation -max_paths 10 -file basys3_timing_summary_routed.rpt -rpx basys3_timing_summary_routed.rpx
| Design       : basys3
| Device       : 7a35t-cpg236
| Speed File   : -1  PRODUCTION 1.14 2014-09-11
-----------------------------------------------------------------------------------------------------------------------------------------------------

Timing Summary Report

------------------------------------------------------------------------------------------------
| Timer Settings
| --------------
------------------------------------------------------------------------------------------------

  Enable Multi Corner Analysis               :  Yes
  Enable Pessimism Removal                   :  Yes
  Pessimism Removal Resolution               :  Nearest Common Node
  Enable Input Delay Default Clock           :  No
  Enable Preset / Clear Arcs                 :  No
  Disable Flight Delays                      :  No

  Corner  Analyze    Analyze    
  Name    Max Paths  Min Paths  
  ------  ---------  ---------  
  Slow    Yes        Yes        
  Fast    Yes        Yes        



check_timing report

Table of Contents
-----------------
1. checking no_clock
2. checking constant_clock
3. checking pulse_width_clock
4. checking unconstrained_internal_endpoints
5. checking no_input_delay
6. checking no_output_delay
7. checking multiple_clock
8. checking generated_clocks
9. checking loops
10. checking partial_input_delay
11. checking partial_output_delay
12. checking latch_loops

1. checking no_clock
--------------------
 There are 55 register/latch pins with no clock driven by root clock pin: clk (HIGH)

 There are 3 register/latch pins with no clock driven by root clock pin: cd/clk_sys_reg/C (HIGH)

 There are 1056 register/latch pins with no clock driven by root clock pin: my_SCPU/pc/address_reg[2]/C (HIGH)

 There are 1056 register/latch pins with no clock driven by root clock pin: my_SCPU/pc/address_reg[3]/C (HIGH)

 There are 1056 register/latch pins with no clock driven by root clock pin: my_SCPU/pc/address_reg[4]/C (HIGH)

 There are 1056 register/latch pins with no clock driven by root clock pin: my_SCPU/pc/address_reg[5]/C (HIGH)

 There are 1056 register/latch pins with no clock driven by root clock pin: my_SCPU/pc/address_reg[6]/C (HIGH)

 There are 1024 register/latch pins with no clock driven by root clock pin: my_SCPU/registerfile/register_reg_r1_0_31_0_5/RAMA/CLK (HIGH)

 There are 1024 register/latch pins with no clock driven by root clock pin: my_SCPU/registerfile/register_reg_r1_0_31_0_5/RAMA_D1/CLK (HIGH)

 There are 1024 register/latch pins with no clock driven by root clock pin: my_SCPU/registerfile/register_reg_r1_0_31_0_5/RAMB/CLK (HIGH)

 There are 1024 register/latch pins with no clock driven by root clock pin: my_SCPU/registerfile/register_reg_r1_0_31_0_5/RAMB_D1/CLK (HIGH)

 There are 1024 register/latch pins with no clock driven by root clock pin: my_SCPU/registerfile/register_reg_r1_0_31_0_5/RAMC/CLK (HIGH)

 There are 1024 register/latch pins with no clock driven by root clock pin: my_SCPU/registerfile/register_reg_r1_0_31_0_5/RAMC_D1/CLK (HIGH)

 There are 1024 register/latch pins with no clock driven by root clock pin: my_SCPU/registerfile/register_reg_r1_0_31_12_17/RAMA/CLK (HIGH)

 There are 1024 register/latch pins with no clock driven by root clock pin: my_SCPU/registerfile/register_reg_r1_0_31_12_17/RAMA_D1/CLK (HIGH)

 There are 1024 register/latch pins with no clock driven by root clock pin: my_SCPU/registerfile/register_reg_r1_0_31_12_17/RAMB/CLK (HIGH)

 There are 1024 register/latch pins with no clock driven by root clock pin: my_SCPU/registerfile/register_reg_r1_0_31_12_17/RAMB_D1/CLK (HIGH)

 There are 1024 register/latch pins with no clock driven by root clock pin: my_SCPU/registerfile/register_reg_r1_0_31_12_17/RAMC/CLK (HIGH)

 There are 1024 register/latch pins with no clock driven by root clock pin: my_SCPU/registerfile/register_reg_r1_0_31_12_17/RAMC_D1/CLK (HIGH)

 There are 1024 register/latch pins with no clock driven by root clock pin: my_SCPU/registerfile/register_reg_r1_0_31_18_23/RAMA/CLK (HIGH)

 There are 1024 register/latch pins with no clock driven by root clock pin: my_SCPU/registerfile/register_reg_r1_0_31_18_23/RAMA_D1/CLK (HIGH)

 There are 1024 register/latch pins with no clock driven by root clock pin: my_SCPU/registerfile/register_reg_r1_0_31_18_23/RAMB/CLK (HIGH)

 There are 1024 register/latch pins with no clock driven by root clock pin: my_SCPU/registerfile/register_reg_r1_0_31_18_23/RAMB_D1/CLK (HIGH)

 There are 1024 register/latch pins with no clock driven by root clock pin: my_SCPU/registerfile/register_reg_r1_0_31_18_23/RAMC/CLK (HIGH)

 There are 1024 register/latch pins with no clock driven by root clock pin: my_SCPU/registerfile/register_reg_r1_0_31_18_23/RAMC_D1/CLK (HIGH)

 There are 1024 register/latch pins with no clock driven by root clock pin: my_SCPU/registerfile/register_reg_r1_0_31_24_29/RAMA/CLK (HIGH)

 There are 1024 register/latch pins with no clock driven by root clock pin: my_SCPU/registerfile/register_reg_r1_0_31_24_29/RAMA_D1/CLK (HIGH)

 There are 1024 register/latch pins with no clock driven by root clock pin: my_SCPU/registerfile/register_reg_r1_0_31_24_29/RAMB/CLK (HIGH)

 There are 1024 register/latch pins with no clock driven by root clock pin: my_SCPU/registerfile/register_reg_r1_0_31_24_29/RAMB_D1/CLK (HIGH)

 There are 1024 register/latch pins with no clock driven by root clock pin: my_SCPU/registerfile/register_reg_r1_0_31_24_29/RAMC/CLK (HIGH)

 There are 1024 register/latch pins with no clock driven by root clock pin: my_SCPU/registerfile/register_reg_r1_0_31_24_29/RAMC_D1/CLK (HIGH)

 There are 1024 register/latch pins with no clock driven by root clock pin: my_SCPU/registerfile/register_reg_r1_0_31_30_31/RAMA/CLK (HIGH)

 There are 1024 register/latch pins with no clock driven by root clock pin: my_SCPU/registerfile/register_reg_r1_0_31_30_31/RAMA_D1/CLK (HIGH)

 There are 1024 register/latch pins with no clock driven by root clock pin: my_SCPU/registerfile/register_reg_r1_0_31_6_11/RAMA/CLK (HIGH)

 There are 1024 register/latch pins with no clock driven by root clock pin: my_SCPU/registerfile/register_reg_r1_0_31_6_11/RAMA_D1/CLK (HIGH)

 There are 1024 register/latch pins with no clock driven by root clock pin: my_SCPU/registerfile/register_reg_r1_0_31_6_11/RAMB/CLK (HIGH)

 There are 1024 register/latch pins with no clock driven by root clock pin: my_SCPU/registerfile/register_reg_r1_0_31_6_11/RAMB_D1/CLK (HIGH)

 There are 1024 register/latch pins with no clock driven by root clock pin: my_SCPU/registerfile/register_reg_r1_0_31_6_11/RAMC/CLK (HIGH)

 There are 1024 register/latch pins with no clock driven by root clock pin: my_SCPU/registerfile/register_reg_r1_0_31_6_11/RAMC_D1/CLK (HIGH)

 There are 1024 register/latch pins with no clock driven by root clock pin: my_SCPU/registerfile/register_reg_r2_0_31_0_5/RAMA/CLK (HIGH)

 There are 1024 register/latch pins with no clock driven by root clock pin: my_SCPU/registerfile/register_reg_r2_0_31_0_5/RAMA_D1/CLK (HIGH)

 There are 1024 register/latch pins with no clock driven by root clock pin: my_SCPU/registerfile/register_reg_r2_0_31_0_5/RAMB/CLK (HIGH)

 There are 1024 register/latch pins with no clock driven by root clock pin: my_SCPU/registerfile/register_reg_r2_0_31_0_5/RAMB_D1/CLK (HIGH)

 There are 1024 register/latch pins with no clock driven by root clock pin: my_SCPU/registerfile/register_reg_r2_0_31_0_5/RAMC/CLK (HIGH)

 There are 1024 register/latch pins with no clock driven by root clock pin: my_SCPU/registerfile/register_reg_r2_0_31_0_5/RAMC_D1/CLK (HIGH)

 There are 1024 register/latch pins with no clock driven by root clock pin: my_SCPU/registerfile/register_reg_r2_0_31_12_17/RAMA/CLK (HIGH)

 There are 1024 register/latch pins with no clock driven by root clock pin: my_SCPU/registerfile/register_reg_r2_0_31_12_17/RAMA_D1/CLK (HIGH)

 There are 1024 register/latch pins with no clock driven by root clock pin: my_SCPU/registerfile/register_reg_r2_0_31_12_17/RAMB/CLK (HIGH)

 There are 1024 register/latch pins with no clock driven by root clock pin: my_SCPU/registerfile/register_reg_r2_0_31_12_17/RAMB_D1/CLK (HIGH)

 There are 1024 register/latch pins with no clock driven by root clock pin: my_SCPU/registerfile/register_reg_r2_0_31_12_17/RAMC/CLK (HIGH)

 There are 1024 register/latch pins with no clock driven by root clock pin: my_SCPU/registerfile/register_reg_r2_0_31_12_17/RAMC_D1/CLK (HIGH)

 There are 1024 register/latch pins with no clock driven by root clock pin: my_SCPU/registerfile/register_reg_r2_0_31_18_23/RAMA/CLK (HIGH)

 There are 1024 register/latch pins with no clock driven by root clock pin: my_SCPU/registerfile/register_reg_r2_0_31_18_23/RAMA_D1/CLK (HIGH)

 There are 1024 register/latch pins with no clock driven by root clock pin: my_SCPU/registerfile/register_reg_r2_0_31_18_23/RAMB/CLK (HIGH)

 There are 1024 register/latch pins with no clock driven by root clock pin: my_SCPU/registerfile/register_reg_r2_0_31_18_23/RAMB_D1/CLK (HIGH)

 There are 1024 register/latch pins with no clock driven by root clock pin: my_SCPU/registerfile/register_reg_r2_0_31_18_23/RAMC/CLK (HIGH)

 There are 1024 register/latch pins with no clock driven by root clock pin: my_SCPU/registerfile/register_reg_r2_0_31_18_23/RAMC_D1/CLK (HIGH)

 There are 1024 register/latch pins with no clock driven by root clock pin: my_SCPU/registerfile/register_reg_r2_0_31_24_29/RAMA/CLK (HIGH)

 There are 1024 register/latch pins with no clock driven by root clock pin: my_SCPU/registerfile/register_reg_r2_0_31_24_29/RAMA_D1/CLK (HIGH)

 There are 1024 register/latch pins with no clock driven by root clock pin: my_SCPU/registerfile/register_reg_r2_0_31_24_29/RAMB/CLK (HIGH)

 There are 1024 register/latch pins with no clock driven by root clock pin: my_SCPU/registerfile/register_reg_r2_0_31_24_29/RAMB_D1/CLK (HIGH)

 There are 1024 register/latch pins with no clock driven by root clock pin: my_SCPU/registerfile/register_reg_r2_0_31_24_29/RAMC/CLK (HIGH)

 There are 1024 register/latch pins with no clock driven by root clock pin: my_SCPU/registerfile/register_reg_r2_0_31_24_29/RAMC_D1/CLK (HIGH)

 There are 1024 register/latch pins with no clock driven by root clock pin: my_SCPU/registerfile/register_reg_r2_0_31_30_31/RAMA/CLK (HIGH)

 There are 1024 register/latch pins with no clock driven by root clock pin: my_SCPU/registerfile/register_reg_r2_0_31_30_31/RAMA_D1/CLK (HIGH)

 There are 1024 register/latch pins with no clock driven by root clock pin: my_SCPU/registerfile/register_reg_r2_0_31_6_11/RAMA/CLK (HIGH)

 There are 1024 register/latch pins with no clock driven by root clock pin: my_SCPU/registerfile/register_reg_r2_0_31_6_11/RAMA_D1/CLK (HIGH)

 There are 1024 register/latch pins with no clock driven by root clock pin: my_SCPU/registerfile/register_reg_r2_0_31_6_11/RAMB/CLK (HIGH)

 There are 1024 register/latch pins with no clock driven by root clock pin: my_SCPU/registerfile/register_reg_r2_0_31_6_11/RAMB_D1/CLK (HIGH)

 There are 1024 register/latch pins with no clock driven by root clock pin: my_SCPU/registerfile/register_reg_r2_0_31_6_11/RAMC/CLK (HIGH)

 There are 1024 register/latch pins with no clock driven by root clock pin: my_SCPU/registerfile/register_reg_r2_0_31_6_11/RAMC_D1/CLK (HIGH)

 There are 4 register/latch pins with no clock driven by root clock pin: my_ct/FSM_onehot_AN_reg[1]/C (HIGH)

 There are 4 register/latch pins with no clock driven by root clock pin: my_ct/FSM_onehot_AN_reg[2]/C (HIGH)

 There are 4 register/latch pins with no clock driven by root clock pin: my_ct/FSM_onehot_AN_reg[3]/C (HIGH)

 There are 4 register/latch pins with no clock driven by root clock pin: my_ct/FSM_onehot_AN_reg[4]/C (HIGH)

 There are 110 register/latch pins with no clock driven by root clock pin: my_key/key_r_reg/C (HIGH)

 There are 110 register/latch pins with no clock driven by root clock pin: my_key/key_rr_reg/C (HIGH)

 There are 110 register/latch pins with no clock driven by root clock pin: my_key/key_rrr_reg/C (HIGH)


2. checking constant_clock
--------------------------
 There are 0 register/latch pins with constant_clock.


3. checking pulse_width_clock
-----------------------------
 There are 0 register/latch pins which need pulse_width check


4. checking unconstrained_internal_endpoints
--------------------------------------------
 There are 1865 pins that are not constrained for maximum delay. (HIGH)

 There are 0 pins that are not constrained for maximum delay due to constant clock.


5. checking no_input_delay
--------------------------
 There are 5 input ports with no input delay specified. (HIGH)

 There are 0 input ports with no input delay but user has a false path constraint.


6. checking no_output_delay
---------------------------
 There are 11 ports with no output delay specified. (HIGH)

 There are 0 ports with no output delay but user has a false path constraint

 There are 0 ports with no output delay but with a timing clock defined on it or propagating through it


7. checking multiple_clock
--------------------------
 There are 0 register/latch pins with multiple clocks.


8. checking generated_clocks
----------------------------
 There are 0 generated clocks that are not connected to a clock source.


9. checking loops
-----------------
 There are 0 combinational loops in the design.


10. checking partial_input_delay
--------------------------------
 There are 0 input ports with partial input delay specified.


11. checking partial_output_delay
---------------------------------
 There are 0 ports with partial output delay specified.


12. checking latch_loops
------------------------
 There are 0 combinational latch loops in the design through latch input



------------------------------------------------------------------------------------------------
| Design Timing Summary
| ---------------------
------------------------------------------------------------------------------------------------

    WNS(ns)      TNS(ns)  TNS Failing Endpoints  TNS Total Endpoints      WHS(ns)      THS(ns)  THS Failing Endpoints  THS Total Endpoints     WPWS(ns)     TPWS(ns)  TPWS Failing Endpoints  TPWS Total Endpoints  
    -------      -------  ---------------------  -------------------      -------      -------  ---------------------  -------------------     --------     --------  ----------------------  --------------------  
         NA           NA                     NA                   NA           NA           NA                     NA                   NA           NA           NA                      NA                    NA  


There are no user specified timing constraints.


------------------------------------------------------------------------------------------------
| Clock Summary
| -------------
------------------------------------------------------------------------------------------------


------------------------------------------------------------------------------------------------
| Intra Clock Table
| -----------------
------------------------------------------------------------------------------------------------

Clock             WNS(ns)      TNS(ns)  TNS Failing Endpoints  TNS Total Endpoints      WHS(ns)      THS(ns)  THS Failing Endpoints  THS Total Endpoints     WPWS(ns)     TPWS(ns)  TPWS Failing Endpoints  TPWS Total Endpoints  
-----             -------      -------  ---------------------  -------------------      -------      -------  ---------------------  -------------------     --------     --------  ----------------------  --------------------  


------------------------------------------------------------------------------------------------
| Inter Clock Table
| -----------------
------------------------------------------------------------------------------------------------

From Clock    To Clock          WNS(ns)      TNS(ns)  TNS Failing Endpoints  TNS Total Endpoints      WHS(ns)      THS(ns)  THS Failing Endpoints  THS Total Endpoints  
----------    --------          -------      -------  ---------------------  -------------------      -------      -------  ---------------------  -------------------  


------------------------------------------------------------------------------------------------
| Other Path Groups Table
| -----------------------
------------------------------------------------------------------------------------------------

Path Group    From Clock    To Clock          WNS(ns)      TNS(ns)  TNS Failing Endpoints  TNS Total Endpoints      WHS(ns)      THS(ns)  THS Failing Endpoints  THS Total Endpoints  
----------    ----------    --------          -------      -------  ---------------------  -------------------      -------      -------  ---------------------  -------------------  


------------------------------------------------------------------------------------------------
| Timing Details
| --------------
------------------------------------------------------------------------------------------------


