Copyright 1986-2015 Xilinx, Inc. All Rights Reserved.
----------------------------------------------------------------------------------------
| Tool Version     : Vivado v.2015.2 (win64) Build 1266856 Fri Jun 26 16:35:25 MDT 2015
| Date             : Thu Dec 20 23:18:20 2018
| Host             : LAPTOP-KAMAF0QO running 64-bit major release  (build 9200)
| Command          : 
| Design           : basys3
| Device           : xc7a35tcpg236-1
| Design State     : Routed
| Grade            : commercial
| Process          : typical
| Characterization : Production
----------------------------------------------------------------------------------------

Power Report

Table of Contents
-----------------
1. Summary
1.1 On-Chip Components
1.2 Power Supply Summary
1.3 Confidence Level
2. Settings
2.1 Environment
2.2 Clock Constraints
3. Detailed Reports
3.1 By Hierarchy

1. Summary
----------

+--------------------------+-------+
| Total On-Chip Power (W)  | 3.976 |
| Dynamic (W)              | 3.892 |
| Device Static (W)        | 0.084 |
| Effective TJA (C/W)      | 5.0   |
| Max Ambient (C)          | 65.1  |
| Junction Temperature (C) | 44.9  |
| Confidence Level         | Low   |
| Setting File             | ---   |
| Simulation Activity File | ---   |
| Design Nets Matched      | NA    |
+--------------------------+-------+


1.1 On-Chip Components
----------------------

+--------------------------+-----------+----------+-----------+-----------------+
| On-Chip                  | Power (W) | Used     | Available | Utilization (%) |
+--------------------------+-----------+----------+-----------+-----------------+
| Slice Logic              |     0.692 |     3868 |       --- |             --- |
|   LUT as Logic           |     0.631 |     1656 |     20800 |            7.96 |
|   CARRY4                 |     0.028 |       56 |      8150 |            0.69 |
|   Register               |     0.028 |     1352 |     41600 |            3.25 |
|   BUFG                   |     0.006 |        4 |        32 |           12.50 |
|   F7/F8 Muxes            |    <0.001 |      132 |     32600 |            0.40 |
|   Others                 |     0.000 |       25 |       --- |             --- |
|   LUT as Distributed RAM |     0.000 |       48 |      9600 |            0.50 |
| Signals                  |     0.841 |     3262 |       --- |             --- |
| I/O                      |     2.359 |       17 |       106 |           16.04 |
| Static Power             |     0.084 |          |           |                 |
| Total                    |     3.976 |          |           |                 |
+--------------------------+-----------+----------+-----------+-----------------+


1.2 Power Supply Summary
------------------------

+-----------+-------------+-----------+-------------+------------+
| Source    | Voltage (V) | Total (A) | Dynamic (A) | Static (A) |
+-----------+-------------+-----------+-------------+------------+
| Vccint    |       1.000 |     1.569 |       1.549 |      0.020 |
| Vccaux    |       1.800 |     0.099 |       0.086 |      0.014 |
| Vcco33    |       3.300 |     0.664 |       0.663 |      0.001 |
| Vcco25    |       2.500 |     0.000 |       0.000 |      0.000 |
| Vcco18    |       1.800 |     0.000 |       0.000 |      0.000 |
| Vcco15    |       1.500 |     0.000 |       0.000 |      0.000 |
| Vcco135   |       1.350 |     0.000 |       0.000 |      0.000 |
| Vcco12    |       1.200 |     0.000 |       0.000 |      0.000 |
| Vccaux_io |       1.800 |     0.000 |       0.000 |      0.000 |
| Vccbram   |       1.000 |     0.000 |       0.000 |      0.000 |
| MGTAVcc   |       1.000 |     0.000 |       0.000 |      0.000 |
| MGTAVtt   |       1.200 |     0.000 |       0.000 |      0.000 |
| Vccadc    |       1.800 |     0.020 |       0.000 |      0.020 |
+-----------+-------------+-----------+-------------+------------+


1.3 Confidence Level
--------------------

+-----------------------------+------------+--------------------------------------------------------+--------------------------------------------------------------------------------------------------------------------+
| User Input Data             | Confidence | Details                                                | Action                                                                                                             |
+-----------------------------+------------+--------------------------------------------------------+--------------------------------------------------------------------------------------------------------------------+
| Design implementation state | High       | Design is routed                                       |                                                                                                                    |
| Clock nodes activity        | Low        | User specified less than 75% of clocks                 | Provide missing clock activity with a constraint file, simulation results or by editing the "By Clock Domain" view |
| I/O nodes activity          | Low        | More than 75% of inputs are missing user specification | Provide missing input activity with simulation results or by editing the "By Resource Type -> I/Os" view           |
| Internal nodes activity     | Medium     | User specified less than 25% of internal nodes         | Provide missing internal nodes activity with simulation results or by editing the "By Resource Type" views         |
| Device models               | High       | Device models are Production                           |                                                                                                                    |
|                             |            |                                                        |                                                                                                                    |
| Overall confidence level    | Low        |                                                        |                                                                                                                    |
+-----------------------------+------------+--------------------------------------------------------+--------------------------------------------------------------------------------------------------------------------+


2. Settings
-----------

2.1 Environment
---------------

+-----------------------+--------------------------+
| Ambient Temp (C)      | 25.0                     |
| ThetaJA (C/W)         | 5.0                      |
| Airflow (LFM)         | 250                      |
| Heat Sink             | medium (Medium Profile)  |
| ThetaSA (C/W)         | 4.6                      |
| Board Selection       | medium (10"x10")         |
| # of Board Layers     | 12to15 (12 to 15 Layers) |
| Board Temperature (C) | 25.0                     |
+-----------------------+--------------------------+


2.2 Clock Constraints
---------------------

+-------+--------+-----------------+
| Clock | Domain | Constraint (ns) |
+-------+--------+-----------------+


3. Detailed Reports
-------------------

3.1 By Hierarchy
----------------

+----------------------------------+-----------+
| Name                             | Power (W) |
+----------------------------------+-----------+
| basys3                           |     3.892 |
|   cd                             |     0.684 |
|   led                            |     0.016 |
|   my_MCPU                        |     0.590 |
|     adr                          |     0.000 |
|     alu                          |    <0.001 |
|     aluOutDr                     |     0.003 |
|     bdr                          |     0.000 |
|     cu                           |     0.327 |
|       CSi                        |     0.004 |
|       CSt                        |     0.324 |
|     dbdr                         |     0.000 |
|     dm                           |    <0.001 |
|     ir                           |     0.149 |
|     pc                           |     0.079 |
|     rf                           |     0.033 |
|       register_reg_r1_0_31_0_5   |     0.000 |
|       register_reg_r1_0_31_12_17 |     0.000 |
|       register_reg_r1_0_31_18_23 |     0.000 |
|       register_reg_r1_0_31_24_29 |     0.000 |
|       register_reg_r1_0_31_30_31 |     0.000 |
|       register_reg_r1_0_31_6_11  |     0.000 |
|       register_reg_r2_0_31_0_5   |     0.000 |
|       register_reg_r2_0_31_12_17 |     0.000 |
|       register_reg_r2_0_31_18_23 |     0.000 |
|       register_reg_r2_0_31_24_29 |     0.000 |
|       register_reg_r2_0_31_30_31 |     0.000 |
|       register_reg_r2_0_31_6_11  |     0.000 |
|   my_cg                          |     0.003 |
|   my_ct                          |     0.184 |
|   my_key                         |     0.000 |
+----------------------------------+-----------+


